#
# A fatal error has been detected by the Java Runtime Environment:
#
#  EXCEPTION_ACCESS_VIOLATION (0xc0000005) at pc=0x00007ff825ad66f0, pid=20252, tid=9040
#
# JRE version: Java(TM) SE Runtime Environment (15.0.2+7) (build 15.0.2+7-27)
# Java VM: Java HotSpot(TM) 64-Bit Server VM (15.0.2+7-27, mixed mode, sharing, tiered, compressed oops, g1 gc, windows-amd64)
# Problematic frame:
# C  [glass.dll+0x266f0]
#
# No core dump will be written. Minidumps are not enabled by default on client versions of Windows
#
# If you would like to submit a bug report, please visit:
#   https://bugreport.java.com/bugreport/crash.jsp
#

---------------  S U M M A R Y ------------

Command Line: -javaagent:D:\Intellij\IntelliJ IDEA 2022.1.1\lib\idea_rt.jar=19941:D:\Intellij\IntelliJ IDEA 2022.1.1\bin -Dfile.encoding=UTF-8 --module-path=C:\Users\user\.m2\repository\org\openjfx\javafx-web\15.0.1\javafx-web-15.0.1-win.jar;C:\Users\user\Desktop\SQL J\mysql-connector-j-8.0.32\mysql-connector-j-8.0.32\mysql-connector-j-8.0.32.jar;C:\Users\user\.m2\repository\com\dlsc\formsfx\formsfx-core\11.3.2\formsfx-core-11.3.2.jar;C:\Users\user\.m2\repository\com\github\almasb\fxgl-io\11.17\fxgl-io-11.17.jar;C:\Users\user\.m2\repository\com\github\almasb\fxgl-entity\11.17\fxgl-entity-11.17.jar;C:\Users\user\.m2\repository\com\fasterxml\jackson\core\jackson-core\2.12.1\jackson-core-2.12.1.jar;C:\Users\user\.m2\repository\com\gluonhq\attach\storage\4.0.9\storage-4.0.9.jar;C:\Users\user\.m2\repository\org\kordamp\ikonli\ikonli-core\12.3.0\ikonli-core-12.3.0.jar;C:\Users\user\.m2\repository\org\openjfx\javafx-graphics\15.0.1\javafx-graphics-15.0.1-win.jar;C:\Users\user\.m2\repository\eu\hansolo\tilesfx\11.48\tilesfx-11.48.jar;C:\Users\user\.m2\repository\com\fasterxml\jackson\core\jackson-databind\2.12.1\jackson-databind-2.12.1.jar;C:\Users\user\.m2\repository\org\openjfx\javafx-media\15.0.1\javafx-media-15.0.1-win.jar;C:\Users\user\.m2\repository\org\openjfx\javafx-fxml\15.0.1\javafx-fxml-15.0.1-win.jar;C:\Users\user\.m2\repository\org\controlsfx\controlsfx\11.1.1\controlsfx-11.1.1.jar;C:\Users\user\.m2\repository\net\synedra\validatorfx\0.2.1\validatorfx-0.2.1.jar;C:\Users\user\.m2\repository\com\gluonhq\attach\audio\4.0.9\audio-4.0.9.jar;C:\Users\user\.m2\repository\com\github\almasb\fxgl\11.17\fxgl-11.17.jar;C:\Users\user\IdeaProjects\JavaFx\target\classes;C:\Users\user\.m2\repository\org\openjfx\javafx-base\15.0.1\javafx-base-15.0.1-win.jar;C:\Users\user\.m2\repository\com\fasterxml\jackson\core\jackson-annotations\2.12.1\jackson-annotations-2.12.1.jar;C:\Users\user\.m2\repository\com\gluonhq\attach\util\4.0.9\util-4.0.9.jar;C:\Users\user\.m2\repository\org\kordamp\bootstrapfx\bootstrapfx-core\0.4.0\bootstrapfx-core-0.4.0.jar;C:\Users\user\.m2\repository\com\github\almasb\fxgl-core\11.17\fxgl-core-11-Djdk.module.main=com.example.javafx com.example.javafx/com.example.javafx.HelloApplication

Host: Intel(R) Core(TM) i7-9750HF CPU @ 2.60GHz, 12 cores, 15G,  Windows 10 , 64 bit Build 22621 (10.0.22621.1105)
Time: Thu Jan 26 17:43:40 2023 Фінляндія (зима) elapsed time: 220.158994 seconds (0d 0h 3m 40s)

---------------  T H R E A D  ---------------

Current thread (0x0000026ef5c5ea00):  VMThread "VM Thread" [stack: 0x000000fc27a00000,0x000000fc27b00000] [id=9040]

Stack: [0x000000fc27a00000,0x000000fc27b00000],  sp=0x000000fc27afebf0,  free space=1018k
Native frames: (J=compiled Java code, j=interpreted, Vv=VM code, C=native code)
C  [glass.dll+0x266f0]


siginfo: EXCEPTION_ACCESS_VIOLATION (0xc0000005), reading address 0x0000000000000000


Register to memory mapping:

RIP=0x00007ff825ad66f0 glass.dll
RAX=0x0 is NULL
RBX=0x0000026ef6480df0 is a global jni handle
RCX=0x0000026ef5c5ea00 points into unknown readable memory: 0x00007fffdab64228 | 28 42 b6 da ff 7f 00 00
RDX=0x000000fc27afebf0 points into unknown readable memory: 0x0000000000000000 | 00 00 00 00 00 00 00 00
RSP=0x000000fc27afebf0 points into unknown readable memory: 0x0000000000000000 | 00 00 00 00 00 00 00 00
RBP=0x0000026ef7292328 points into unknown readable memory: 0x00002a7a2a7238b3 | b3 38 72 2a 7a 2a 00 00
RSI=0x000000fc27afed08 points into unknown readable memory: 0x000000fc27afecf0 | f0 ec af 27 fc 00 00 00
RDI=0x0000026ef7292300 points into unknown readable memory: 0xb3602a79d5b315da | da 15 b3 d5 79 2a 60 b3
R8 =0x0000000000010002 is an unknown value
R9 =0x0000026ef7292300 points into unknown readable memory: 0xb3602a79d5b315da | da 15 b3 d5 79 2a 60 b3
R10=0x85f13e9656da4870 is an unknown value
R11=0x000000fc27afeb90 points into unknown readable memory: 0x0000026ef7292300 | 00 23 29 f7 6e 02 00 00
R12=0x00007ff825ad3b84 glass.dll
R13=0x0000026ed2136e30 points into unknown readable memory: 0x8000000900000001 | 01 00 00 00 09 00 00 80
R14=0x00002a7a2a7238b3 is an unknown value
R15=0x0000026ef7292300 points into unknown readable memory: 0xb3602a79d5b315da | da 15 b3 d5 79 2a 60 b3


Registers:
RAX=0x0000000000000000, RBX=0x0000026ef6480df0, RCX=0x0000026ef5c5ea00, RDX=0x000000fc27afebf0
RSP=0x000000fc27afebf0, RBP=0x0000026ef7292328, RSI=0x000000fc27afed08, RDI=0x0000026ef7292300
R8 =0x0000000000010002, R9 =0x0000026ef7292300, R10=0x85f13e9656da4870, R11=0x000000fc27afeb90
R12=0x00007ff825ad3b84, R13=0x0000026ed2136e30, R14=0x00002a7a2a7238b3, R15=0x0000026ef7292300
RIP=0x00007ff825ad66f0, EFLAGS=0x0000000000010206

Top of Stack: (sp=0x000000fc27afebf0)
0x000000fc27afebf0:   0000000000000000 00007ff83c3537eb
0x000000fc27afec00:   0000026ef7292310 000000fc27afed08
0x000000fc27afec10:   fffffffffffffffe 00007ff825ad3b84
0x000000fc27afec20:   0000026ef7292308 00007ff83c393a83
0x000000fc27afec30:   0000026ef7292310 000000fc00000000
0x000000fc27afec40:   0000026ef7292328 000000fc27afed08
0x000000fc27afec50:   fffffffffffffffe 0000000000000000
0x000000fc27afec60:   0000000000000001 00007ff825ab0000
0x000000fc27afec70:   000000fc27afecf8 00007ff83c36006e
0x000000fc27afec80:   0000000000000000 000000fc27afed08
0x000000fc27afec90:   000000fc27afefe0 0000000000000001
0x000000fc27afeca0:   0000000000000000 00007ff83c35da1d
0x000000fc27afecb0:   0000000000000000 00007ff825ad3259
0x000000fc27afecc0:   00007ff80000000d 000000fc27afecf8
0x000000fc27afecd0:   fffffffffffffffe 00007ff83e916cf7
0x000000fc27afece0:   0000000000000000 00007ff825ad3a12 

Instructions: (pc=0x00007ff825ad66f0)
0x00007ff825ad65f0:   8b 4d 60 e8 98 c9 ff ff 48 8b 55 68 48 8b 8d 08
0x00007ff825ad6600:   01 00 00 e8 49 be ff ff 33 d2 33 c9 e8 49 de ff
0x00007ff825ad6610:   ff 90 cc cc cc cc cc cc cc cc cc cc cc cc cc cc
0x00007ff825ad6620:   48 8d 8a 80 00 00 00 e9 14 e9 fe ff 48 89 54 24
0x00007ff825ad6630:   10 55 48 83 ec 20 48 8b ea 48 8d 05 dd ca ff ff
0x00007ff825ad6640:   48 83 c4 20 5d c3 cc 40 55 48 8b ea 48 8b 01 33
0x00007ff825ad6650:   c9 81 38 05 00 00 c0 0f 94 c1 8b c1 5d c3 cc 40
0x00007ff825ad6660:   55 48 83 ec 20 48 8b ea 8a 4d 40 48 83 c4 20 5d
0x00007ff825ad6670:   e9 df cd ff ff cc 40 55 48 83 ec 20 48 8b ea e8
0x00007ff825ad6680:   fc cb ff ff 8a 4d 38 48 83 c4 20 5d e9 c3 cd ff
0x00007ff825ad6690:   ff cc 40 55 48 83 ec 30 48 8b ea 48 8b 01 8b 10
0x00007ff825ad66a0:   48 89 4c 24 28 89 54 24 20 4c 8d 0d a4 d1 ff ff
0x00007ff825ad66b0:   4c 8b 45 70 8b 55 68 48 8b 4d 60 e8 30 cb ff ff
0x00007ff825ad66c0:   90 48 83 c4 30 5d c3 cc cc cc cc cc cc cc cc cc
0x00007ff825ad66d0:   40 53 48 83 ec 30 48 c7 44 24 20 fe ff ff ff 48
0x00007ff825ad66e0:   8b 1d 2a 64 01 00 48 85 db 74 16 e8 90 85 ff ff
0x00007ff825ad66f0:   4c 8b 00 48 8b d3 48 8b c8 41 ff 90 b0 00 00 00
0x00007ff825ad6700:   90 48 83 c4 30 5b c3 cc cc cc cc cc cc cc cc cc
0x00007ff825ad6710:   40 53 48 83 ec 20 48 8b 1d 9b 65 01 00 48 85 db
0x00007ff825ad6720:   74 57 b8 ff ff ff ff f0 0f c1 43 10 83 f8 01 75
0x00007ff825ad6730:   3d 48 85 db 74 38 48 8b 0b 48 85 c9 74 0d ff 15
0x00007ff825ad6740:   64 0b 00 00 48 c7 03 00 00 00 00 48 8b 4b 08 48
0x00007ff825ad6750:   85 c9 74 0d e8 37 c8 ff ff 48 c7 43 08 00 00 00
0x00007ff825ad6760:   00 ba 18 00 00 00 48 8b cb e8 22 c8 ff ff 48 c7
0x00007ff825ad6770:   05 3f 65 01 00 00 00 00 00 48 83 c4 20 5b c3 cc
0x00007ff825ad6780:   40 53 48 83 ec 20 48 8b 1d 0b 65 01 00 48 85 db
0x00007ff825ad6790:   74 57 b8 ff ff ff ff f0 0f c1 43 10 83 f8 01 75
0x00007ff825ad67a0:   3d 48 85 db 74 38 48 8b 0b 48 85 c9 74 0d ff 15
0x00007ff825ad67b0:   f4 0a 00 00 48 c7 03 00 00 00 00 48 8b 4b 08 48
0x00007ff825ad67c0:   85 c9 74 0d e8 c7 c7 ff ff 48 c7 43 08 00 00 00
0x00007ff825ad67d0:   00 ba 18 00 00 00 48 8b cb e8 b2 c7 ff ff 48 c7
0x00007ff825ad67e0:   05 af 64 01 00 00 00 00 00 48 83 c4 20 5b c3 cc 


Stack slot to memory mapping:
stack at sp + 0 slots: 0x0 is NULL
stack at sp + 1 slots: 0x00007ff83c3537eb ucrtbase.dll
stack at sp + 2 slots: 0x0000026ef7292310 points into unknown readable memory: 0x00002a7a2a7238b3 | b3 38 72 2a 7a 2a 00 00
stack at sp + 3 slots: 0x000000fc27afed08 points into unknown readable memory: 0x000000fc27afecf0 | f0 ec af 27 fc 00 00 00
stack at sp + 4 slots: 0xfffffffffffffffe is an unknown value
stack at sp + 5 slots: 0x00007ff825ad3b84 glass.dll
stack at sp + 6 slots: 0x0000026ef7292308 points into unknown readable memory: 0x00002a7a2a7238b3 | b3 38 72 2a 7a 2a 00 00
stack at sp + 7 slots: 0x00007ff83c393a83 ucrtbase.dll

VM_Operation (0x000000fc272fec30): Exit, mode: safepoint, requested by thread 0x0000026ef7967bf0


---------------  P R O C E S S  ---------------

Threads class SMR info:
_java_thread_list=0x0000026ef761bfc0, length=19, elements={
0x0000026ed20b8890, 0x0000026ef646b2f0, 0x0000026ef646bdd0, 0x0000026ef64898b0,
0x0000026ef648a170, 0x0000026ef648df30, 0x0000026ef6494e00, 0x0000026ef649d710,
0x0000026ef5c50bd0, 0x0000026ef6ab6240, 0x0000026ef6bdbe20, 0x0000026ef6bc98f0,
0x0000026ef71df670, 0x0000026ef71e7420, 0x0000026ef75f97b0, 0x0000026ef760b250,
0x0000026ef75dc980, 0x0000026ef7966d80, 0x0000026ef7967bf0
}

Java Threads: ( => current thread )
  0x0000026ed20b8890 JavaThread "main" [_thread_blocked, id=9784, stack(0x000000fc27400000,0x000000fc27500000)]
  0x0000026ef646b2f0 JavaThread "Reference Handler" daemon [_thread_blocked, id=14844, stack(0x000000fc27b00000,0x000000fc27c00000)]
  0x0000026ef646bdd0 JavaThread "Finalizer" daemon [_thread_blocked, id=22900, stack(0x000000fc27c00000,0x000000fc27d00000)]
  0x0000026ef64898b0 JavaThread "Attach Listener" daemon [_thread_blocked, id=15144, stack(0x000000fc27e00000,0x000000fc27f00000)]
  0x0000026ef648a170 JavaThread "Service Thread" daemon [_thread_blocked, id=24288, stack(0x000000fc27f00000,0x000000fc28000000)]
  0x0000026ef648df30 JavaThread "C2 CompilerThread0" daemon [_thread_blocked, id=2324, stack(0x000000fc28000000,0x000000fc28100000)]
  0x0000026ef6494e00 JavaThread "C1 CompilerThread0" daemon [_thread_blocked, id=17824, stack(0x000000fc28100000,0x000000fc28200000)]
  0x0000026ef649d710 JavaThread "Sweeper thread" daemon [_thread_blocked, id=22452, stack(0x000000fc28200000,0x000000fc28300000)]
  0x0000026ef5c50bd0 JavaThread "Common-Cleaner" daemon [_thread_blocked, id=16724, stack(0x000000fc28300000,0x000000fc28400000)]
  0x0000026ef6ab6240 JavaThread "Monitor Ctrl-Break" daemon [_thread_in_native, id=3948, stack(0x000000fc28600000,0x000000fc28700000)]
  0x0000026ef6bdbe20 JavaThread "Notification Thread" daemon [_thread_blocked, id=21992, stack(0x000000fc28700000,0x000000fc28800000)]
  0x0000026ef6bc98f0 JavaThread "QuantumRenderer-0" daemon [_thread_blocked, id=24260, stack(0x000000fc28900000,0x000000fc28a00000)]
  0x0000026ef71df670 JavaThread "InvokeLaterDispatcher" daemon [_thread_blocked, id=984, stack(0x000000fc28b00000,0x000000fc28c00000)]
  0x0000026ef71e7420 JavaThread "JavaFX Application Thread" [_thread_in_native, id=5256, stack(0x000000fc28500000,0x000000fc28600000)]
  0x0000026ef75f97b0 JavaThread "JavaFX-Launcher" [_thread_blocked, id=2544, stack(0x000000fc29200000,0x000000fc29300000)]
  0x0000026ef760b250 JavaThread "Thread-2" daemon [_thread_in_native, id=22364, stack(0x000000fc29100000,0x000000fc29200000)]
  0x0000026ef75dc980 JavaThread "Prism Font Disposer" daemon [_thread_blocked, id=9392, stack(0x000000fc29400000,0x000000fc29500000)]
  0x0000026ef7966d80 JavaThread "Cleaner-0" daemon [_thread_blocked, id=12592, stack(0x000000fc29800000,0x000000fc29900000)]
  0x0000026ef7967bf0 JavaThread "SIGINT handler" daemon [_thread_blocked, id=2460, stack(0x000000fc27200000,0x000000fc27300000)]

Other Threads:
=>0x0000026ef5c5ea00 VMThread "VM Thread" [stack: 0x000000fc27a00000,0x000000fc27b00000] [id=9040]
  0x0000026ecff5e810 GCTaskThread "GC Thread#0" [stack: 0x000000fc27500000,0x000000fc27600000] [id=4976]
  0x0000026ef7472920 GCTaskThread "GC Thread#1" [stack: 0x000000fc28c00000,0x000000fc28d00000] [id=6140]
  0x0000026ef74735e0 GCTaskThread "GC Thread#2" [stack: 0x000000fc28d00000,0x000000fc28e00000] [id=24624]
  0x0000026ef74742a0 GCTaskThread "GC Thread#3" [stack: 0x000000fc28e00000,0x000000fc28f00000] [id=18164]
  0x0000026ef7472c50 GCTaskThread "GC Thread#4" [stack: 0x000000fc28f00000,0x000000fc29000000] [id=21200]
  0x0000026ef7474f60 GCTaskThread "GC Thread#5" [stack: 0x000000fc29000000,0x000000fc29100000] [id=8960]
  0x0000026ed21178f0 ConcurrentGCThread "G1 Main Marker" [stack: 0x000000fc27600000,0x000000fc27700000] [id=21392]
  0x0000026ed211a420 ConcurrentGCThread "G1 Conc#0" [stack: 0x000000fc27700000,0x000000fc27800000] [id=20456]
  0x0000026ed2177ce0 ConcurrentGCThread "G1 Refine#0" [stack: 0x000000fc27800000,0x000000fc27900000] [id=8648]
  0x0000026ed21785b0 ConcurrentGCThread "G1 Young RemSet Sampling" [stack: 0x000000fc27900000,0x000000fc27a00000] [id=14528]

Threads with active compile tasks:

VM state: at safepoint (shutting down)

VM Mutex/Monitor currently owned by a thread:  ([mutex/lock_event])
[0x0000026ed20b5f20] Threads_lock - owner thread: 0x0000026ef5c5ea00
[0x0000026ed20b4e40] Heap_lock - owner thread: 0x0000026ef7967bf0

Heap address: 0x0000000701200000, size: 4078 MB, Compressed Oops mode: Zero based, Oop shift amount: 3
CDS archive(s) mapped at: [0x0000000800000000-0x0000000800b50000-0x0000000800b50000), size 11862016, SharedBaseAddress: 0x0000000800000000, ArchiveRelocationMode: 0.
Compressed class space mapped at: 0x0000000800b50000-0x0000000840b50000, size: 1073741824
Narrow klass base: 0x0000000800000000, Narrow klass shift: 3, Narrow klass range: 0x100000000

GC Precious Log:
 CPUs: 12 total, 12 available
 Memory: 16304M
 Large Page Support: Disabled
 NUMA Support: Disabled
 Compressed Oops: Enabled (Zero based)
 Heap Region Size: 2M
 Heap Min Capacity: 8M
 Heap Initial Capacity: 256M
 Heap Max Capacity: 4078M
 Pre-touch: Disabled
 Parallel Workers: 10
 Concurrent Workers: 3
 Concurrent Refinement Workers: 10
 Periodic GC: Disabled

Heap:
 garbage-first heap   total 262144K, used 27935K [0x0000000701200000, 0x0000000800000000)
  region size 2048K, 13 young (26624K), 3 survivors (6144K)
 Metaspace       used 17168K, capacity 17446K, committed 17536K, reserved 1064960K
  class space    used 2307K, capacity 2414K, committed 2432K, reserved 1048576K

Heap Regions: E=young(eden), S=young(survivor), O=old, HS=humongous(starts), HC=humongous(continues), CS=collection set, F=free, OA=open archive, CA=closed archive, TAMS=top-at-mark-start (previous, next)
|   0|0x0000000701200000, 0x0000000701347c00, 0x0000000701400000| 64%| O|  |TAMS 0x0000000701200000, 0x0000000701200000| Untracked 
|   1|0x0000000701400000, 0x0000000701600000, 0x0000000701600000|100%|HS|  |TAMS 0x0000000701400000, 0x0000000701400000| Complete 
|   2|0x0000000701600000, 0x0000000701600000, 0x0000000701800000|  0%| F|  |TAMS 0x0000000701600000, 0x0000000701600000| Untracked 
|   3|0x0000000701800000, 0x0000000701800000, 0x0000000701a00000|  0%| F|  |TAMS 0x0000000701800000, 0x0000000701800000| Untracked 
|   4|0x0000000701a00000, 0x0000000701a00000, 0x0000000701c00000|  0%| F|  |TAMS 0x0000000701a00000, 0x0000000701a00000| Untracked 
|   5|0x0000000701c00000, 0x0000000701c00000, 0x0000000701e00000|  0%| F|  |TAMS 0x0000000701c00000, 0x0000000701c00000| Untracked 
|   6|0x0000000701e00000, 0x0000000701e00000, 0x0000000702000000|  0%| F|  |TAMS 0x0000000701e00000, 0x0000000701e00000| Untracked 
|   7|0x0000000702000000, 0x0000000702000000, 0x0000000702200000|  0%| F|  |TAMS 0x0000000702000000, 0x0000000702000000| Untracked 
|   8|0x0000000702200000, 0x0000000702200000, 0x0000000702400000|  0%| F|  |TAMS 0x0000000702200000, 0x0000000702200000| Untracked 
|   9|0x0000000702400000, 0x0000000702400000, 0x0000000702600000|  0%| F|  |TAMS 0x0000000702400000, 0x0000000702400000| Untracked 
|  10|0x0000000702600000, 0x0000000702600000, 0x0000000702800000|  0%| F|  |TAMS 0x0000000702600000, 0x0000000702600000| Untracked 
|  11|0x0000000702800000, 0x0000000702800000, 0x0000000702a00000|  0%| F|  |TAMS 0x0000000702800000, 0x0000000702800000| Untracked 
|  12|0x0000000702a00000, 0x0000000702a00000, 0x0000000702c00000|  0%| F|  |TAMS 0x0000000702a00000, 0x0000000702a00000| Untracked 
|  13|0x0000000702c00000, 0x0000000702c00000, 0x0000000702e00000|  0%| F|  |TAMS 0x0000000702c00000, 0x0000000702c00000| Untracked 
|  14|0x0000000702e00000, 0x0000000702e00000, 0x0000000703000000|  0%| F|  |TAMS 0x0000000702e00000, 0x0000000702e00000| Untracked 
|  15|0x0000000703000000, 0x0000000703000000, 0x0000000703200000|  0%| F|  |TAMS 0x0000000703000000, 0x0000000703000000| Untracked 
|  16|0x0000000703200000, 0x0000000703200000, 0x0000000703400000|  0%| F|  |TAMS 0x0000000703200000, 0x0000000703200000| Untracked 
|  17|0x0000000703400000, 0x0000000703400000, 0x0000000703600000|  0%| F|  |TAMS 0x0000000703400000, 0x0000000703400000| Untracked 
|  18|0x0000000703600000, 0x0000000703600000, 0x0000000703800000|  0%| F|  |TAMS 0x0000000703600000, 0x0000000703600000| Untracked 
|  19|0x0000000703800000, 0x0000000703800000, 0x0000000703a00000|  0%| F|  |TAMS 0x0000000703800000, 0x0000000703800000| Untracked 
|  20|0x0000000703a00000, 0x0000000703a00000, 0x0000000703c00000|  0%| F|  |TAMS 0x0000000703a00000, 0x0000000703a00000| Untracked 
|  21|0x0000000703c00000, 0x0000000703c00000, 0x0000000703e00000|  0%| F|  |TAMS 0x0000000703c00000, 0x0000000703c00000| Untracked 
|  22|0x0000000703e00000, 0x0000000703e00000, 0x0000000704000000|  0%| F|  |TAMS 0x0000000703e00000, 0x0000000703e00000| Untracked 
|  23|0x0000000704000000, 0x0000000704000000, 0x0000000704200000|  0%| F|  |TAMS 0x0000000704000000, 0x0000000704000000| Untracked 
|  24|0x0000000704200000, 0x0000000704200000, 0x0000000704400000|  0%| F|  |TAMS 0x0000000704200000, 0x0000000704200000| Untracked 
|  25|0x0000000704400000, 0x0000000704400000, 0x0000000704600000|  0%| F|  |TAMS 0x0000000704400000, 0x0000000704400000| Untracked 
|  26|0x0000000704600000, 0x0000000704600000, 0x0000000704800000|  0%| F|  |TAMS 0x0000000704600000, 0x0000000704600000| Untracked 
|  27|0x0000000704800000, 0x0000000704800000, 0x0000000704a00000|  0%| F|  |TAMS 0x0000000704800000, 0x0000000704800000| Untracked 
|  28|0x0000000704a00000, 0x0000000704a00000, 0x0000000704c00000|  0%| F|  |TAMS 0x0000000704a00000, 0x0000000704a00000| Untracked 
|  29|0x0000000704c00000, 0x0000000704c00000, 0x0000000704e00000|  0%| F|  |TAMS 0x0000000704c00000, 0x0000000704c00000| Untracked 
|  30|0x0000000704e00000, 0x0000000704e00000, 0x0000000705000000|  0%| F|  |TAMS 0x0000000704e00000, 0x0000000704e00000| Untracked 
|  31|0x0000000705000000, 0x0000000705000000, 0x0000000705200000|  0%| F|  |TAMS 0x0000000705000000, 0x0000000705000000| Untracked 
|  32|0x0000000705200000, 0x0000000705200000, 0x0000000705400000|  0%| F|  |TAMS 0x0000000705200000, 0x0000000705200000| Untracked 
|  33|0x0000000705400000, 0x0000000705400000, 0x0000000705600000|  0%| F|  |TAMS 0x0000000705400000, 0x0000000705400000| Untracked 
|  34|0x0000000705600000, 0x0000000705600000, 0x0000000705800000|  0%| F|  |TAMS 0x0000000705600000, 0x0000000705600000| Untracked 
|  35|0x0000000705800000, 0x0000000705800000, 0x0000000705a00000|  0%| F|  |TAMS 0x0000000705800000, 0x0000000705800000| Untracked 
|  36|0x0000000705a00000, 0x0000000705a00000, 0x0000000705c00000|  0%| F|  |TAMS 0x0000000705a00000, 0x0000000705a00000| Untracked 
|  37|0x0000000705c00000, 0x0000000705c00000, 0x0000000705e00000|  0%| F|  |TAMS 0x0000000705c00000, 0x0000000705c00000| Untracked 
|  38|0x0000000705e00000, 0x0000000705e00000, 0x0000000706000000|  0%| F|  |TAMS 0x0000000705e00000, 0x0000000705e00000| Untracked 
|  39|0x0000000706000000, 0x0000000706000000, 0x0000000706200000|  0%| F|  |TAMS 0x0000000706000000, 0x0000000706000000| Untracked 
|  40|0x0000000706200000, 0x0000000706200000, 0x0000000706400000|  0%| F|  |TAMS 0x0000000706200000, 0x0000000706200000| Untracked 
|  41|0x0000000706400000, 0x0000000706400000, 0x0000000706600000|  0%| F|  |TAMS 0x0000000706400000, 0x0000000706400000| Untracked 
|  42|0x0000000706600000, 0x0000000706600000, 0x0000000706800000|  0%| F|  |TAMS 0x0000000706600000, 0x0000000706600000| Untracked 
|  43|0x0000000706800000, 0x0000000706800000, 0x0000000706a00000|  0%| F|  |TAMS 0x0000000706800000, 0x0000000706800000| Untracked 
|  44|0x0000000706a00000, 0x0000000706a00000, 0x0000000706c00000|  0%| F|  |TAMS 0x0000000706a00000, 0x0000000706a00000| Untracked 
|  45|0x0000000706c00000, 0x0000000706c00000, 0x0000000706e00000|  0%| F|  |TAMS 0x0000000706c00000, 0x0000000706c00000| Untracked 
|  46|0x0000000706e00000, 0x0000000706e00000, 0x0000000707000000|  0%| F|  |TAMS 0x0000000706e00000, 0x0000000706e00000| Untracked 
|  47|0x0000000707000000, 0x0000000707000000, 0x0000000707200000|  0%| F|  |TAMS 0x0000000707000000, 0x0000000707000000| Untracked 
|  48|0x0000000707200000, 0x0000000707200000, 0x0000000707400000|  0%| F|  |TAMS 0x0000000707200000, 0x0000000707200000| Untracked 
|  49|0x0000000707400000, 0x0000000707400000, 0x0000000707600000|  0%| F|  |TAMS 0x0000000707400000, 0x0000000707400000| Untracked 
|  50|0x0000000707600000, 0x0000000707600000, 0x0000000707800000|  0%| F|  |TAMS 0x0000000707600000, 0x0000000707600000| Untracked 
|  51|0x0000000707800000, 0x0000000707800000, 0x0000000707a00000|  0%| F|  |TAMS 0x0000000707800000, 0x0000000707800000| Untracked 
|  52|0x0000000707a00000, 0x0000000707a00000, 0x0000000707c00000|  0%| F|  |TAMS 0x0000000707a00000, 0x0000000707a00000| Untracked 
|  53|0x0000000707c00000, 0x0000000707c00000, 0x0000000707e00000|  0%| F|  |TAMS 0x0000000707c00000, 0x0000000707c00000| Untracked 
|  54|0x0000000707e00000, 0x0000000707e00000, 0x0000000708000000|  0%| F|  |TAMS 0x0000000707e00000, 0x0000000707e00000| Untracked 
|  55|0x0000000708000000, 0x0000000708000000, 0x0000000708200000|  0%| F|  |TAMS 0x0000000708000000, 0x0000000708000000| Untracked 
|  56|0x0000000708200000, 0x0000000708200000, 0x0000000708400000|  0%| F|  |TAMS 0x0000000708200000, 0x0000000708200000| Untracked 
|  57|0x0000000708400000, 0x0000000708400000, 0x0000000708600000|  0%| F|  |TAMS 0x0000000708400000, 0x0000000708400000| Untracked 
|  58|0x0000000708600000, 0x0000000708600000, 0x0000000708800000|  0%| F|  |TAMS 0x0000000708600000, 0x0000000708600000| Untracked 
|  59|0x0000000708800000, 0x0000000708800000, 0x0000000708a00000|  0%| F|  |TAMS 0x0000000708800000, 0x0000000708800000| Untracked 
|  60|0x0000000708a00000, 0x0000000708a00000, 0x0000000708c00000|  0%| F|  |TAMS 0x0000000708a00000, 0x0000000708a00000| Untracked 
|  61|0x0000000708c00000, 0x0000000708c00000, 0x0000000708e00000|  0%| F|  |TAMS 0x0000000708c00000, 0x0000000708c00000| Untracked 
|  62|0x0000000708e00000, 0x0000000708e00000, 0x0000000709000000|  0%| F|  |TAMS 0x0000000708e00000, 0x0000000708e00000| Untracked 
|  63|0x0000000709000000, 0x0000000709000000, 0x0000000709200000|  0%| F|  |TAMS 0x0000000709000000, 0x0000000709000000| Untracked 
|  64|0x0000000709200000, 0x0000000709200000, 0x0000000709400000|  0%| F|  |TAMS 0x0000000709200000, 0x0000000709200000| Untracked 
|  65|0x0000000709400000, 0x0000000709400000, 0x0000000709600000|  0%| F|  |TAMS 0x0000000709400000, 0x0000000709400000| Untracked 
|  66|0x0000000709600000, 0x0000000709600000, 0x0000000709800000|  0%| F|  |TAMS 0x0000000709600000, 0x0000000709600000| Untracked 
|  67|0x0000000709800000, 0x0000000709800000, 0x0000000709a00000|  0%| F|  |TAMS 0x0000000709800000, 0x0000000709800000| Untracked 
|  68|0x0000000709a00000, 0x0000000709a00000, 0x0000000709c00000|  0%| F|  |TAMS 0x0000000709a00000, 0x0000000709a00000| Untracked 
|  69|0x0000000709c00000, 0x0000000709c00000, 0x0000000709e00000|  0%| F|  |TAMS 0x0000000709c00000, 0x0000000709c00000| Untracked 
|  70|0x0000000709e00000, 0x0000000709e00000, 0x000000070a000000|  0%| F|  |TAMS 0x0000000709e00000, 0x0000000709e00000| Untracked 
|  71|0x000000070a000000, 0x000000070a000000, 0x000000070a200000|  0%| F|  |TAMS 0x000000070a000000, 0x000000070a000000| Untracked 
|  72|0x000000070a200000, 0x000000070a200000, 0x000000070a400000|  0%| F|  |TAMS 0x000000070a200000, 0x000000070a200000| Untracked 
|  73|0x000000070a400000, 0x000000070a400000, 0x000000070a600000|  0%| F|  |TAMS 0x000000070a400000, 0x000000070a400000| Untracked 
|  74|0x000000070a600000, 0x000000070a600000, 0x000000070a800000|  0%| F|  |TAMS 0x000000070a600000, 0x000000070a600000| Untracked 
|  75|0x000000070a800000, 0x000000070a800000, 0x000000070aa00000|  0%| F|  |TAMS 0x000000070a800000, 0x000000070a800000| Untracked 
|  76|0x000000070aa00000, 0x000000070aa00000, 0x000000070ac00000|  0%| F|  |TAMS 0x000000070aa00000, 0x000000070aa00000| Untracked 
|  77|0x000000070ac00000, 0x000000070ac00000, 0x000000070ae00000|  0%| F|  |TAMS 0x000000070ac00000, 0x000000070ac00000| Untracked 
|  78|0x000000070ae00000, 0x000000070ae00000, 0x000000070b000000|  0%| F|  |TAMS 0x000000070ae00000, 0x000000070ae00000| Untracked 
|  79|0x000000070b000000, 0x000000070b000000, 0x000000070b200000|  0%| F|  |TAMS 0x000000070b000000, 0x000000070b000000| Untracked 
|  80|0x000000070b200000, 0x000000070b200000, 0x000000070b400000|  0%| F|  |TAMS 0x000000070b200000, 0x000000070b200000| Untracked 
|  81|0x000000070b400000, 0x000000070b400000, 0x000000070b600000|  0%| F|  |TAMS 0x000000070b400000, 0x000000070b400000| Untracked 
|  82|0x000000070b600000, 0x000000070b600000, 0x000000070b800000|  0%| F|  |TAMS 0x000000070b600000, 0x000000070b600000| Untracked 
|  83|0x000000070b800000, 0x000000070b800000, 0x000000070ba00000|  0%| F|  |TAMS 0x000000070b800000, 0x000000070b800000| Untracked 
|  84|0x000000070ba00000, 0x000000070ba00000, 0x000000070bc00000|  0%| F|  |TAMS 0x000000070ba00000, 0x000000070ba00000| Untracked 
|  85|0x000000070bc00000, 0x000000070bc00000, 0x000000070be00000|  0%| F|  |TAMS 0x000000070bc00000, 0x000000070bc00000| Untracked 
|  86|0x000000070be00000, 0x000000070be00000, 0x000000070c000000|  0%| F|  |TAMS 0x000000070be00000, 0x000000070be00000| Untracked 
|  87|0x000000070c000000, 0x000000070c000000, 0x000000070c200000|  0%| F|  |TAMS 0x000000070c000000, 0x000000070c000000| Untracked 
|  88|0x000000070c200000, 0x000000070c200000, 0x000000070c400000|  0%| F|  |TAMS 0x000000070c200000, 0x000000070c200000| Untracked 
|  89|0x000000070c400000, 0x000000070c400000, 0x000000070c600000|  0%| F|  |TAMS 0x000000070c400000, 0x000000070c400000| Untracked 
|  90|0x000000070c600000, 0x000000070c600000, 0x000000070c800000|  0%| F|  |TAMS 0x000000070c600000, 0x000000070c600000| Untracked 
|  91|0x000000070c800000, 0x000000070c800000, 0x000000070ca00000|  0%| F|  |TAMS 0x000000070c800000, 0x000000070c800000| Untracked 
|  92|0x000000070ca00000, 0x000000070ca00000, 0x000000070cc00000|  0%| F|  |TAMS 0x000000070ca00000, 0x000000070ca00000| Untracked 
|  93|0x000000070cc00000, 0x000000070cc00000, 0x000000070ce00000|  0%| F|  |TAMS 0x000000070cc00000, 0x000000070cc00000| Untracked 
|  94|0x000000070ce00000, 0x000000070ce00000, 0x000000070d000000|  0%| F|  |TAMS 0x000000070ce00000, 0x000000070ce00000| Untracked 
|  95|0x000000070d000000, 0x000000070d000000, 0x000000070d200000|  0%| F|  |TAMS 0x000000070d000000, 0x000000070d000000| Untracked 
|  96|0x000000070d200000, 0x000000070d200000, 0x000000070d400000|  0%| F|  |TAMS 0x000000070d200000, 0x000000070d200000| Untracked 
|  97|0x000000070d400000, 0x000000070d400000, 0x000000070d600000|  0%| F|  |TAMS 0x000000070d400000, 0x000000070d400000| Untracked 
|  98|0x000000070d600000, 0x000000070d600000, 0x000000070d800000|  0%| F|  |TAMS 0x000000070d600000, 0x000000070d600000| Untracked 
|  99|0x000000070d800000, 0x000000070d800000, 0x000000070da00000|  0%| F|  |TAMS 0x000000070d800000, 0x000000070d800000| Untracked 
| 100|0x000000070da00000, 0x000000070da00000, 0x000000070dc00000|  0%| F|  |TAMS 0x000000070da00000, 0x000000070da00000| Untracked 
| 101|0x000000070dc00000, 0x000000070dc00000, 0x000000070de00000|  0%| F|  |TAMS 0x000000070dc00000, 0x000000070dc00000| Untracked 
| 102|0x000000070de00000, 0x000000070de00000, 0x000000070e000000|  0%| F|  |TAMS 0x000000070de00000, 0x000000070de00000| Untracked 
| 103|0x000000070e000000, 0x000000070e000000, 0x000000070e200000|  0%| F|  |TAMS 0x000000070e000000, 0x000000070e000000| Untracked 
| 104|0x000000070e200000, 0x000000070e200000, 0x000000070e400000|  0%| F|  |TAMS 0x000000070e200000, 0x000000070e200000| Untracked 
| 105|0x000000070e400000, 0x000000070e600000, 0x000000070e600000|100%| S|CS|TAMS 0x000000070e400000, 0x000000070e400000| Complete 
| 106|0x000000070e600000, 0x000000070e800000, 0x000000070e800000|100%| S|CS|TAMS 0x000000070e600000, 0x000000070e600000| Complete 
| 107|0x000000070e800000, 0x000000070ea00000, 0x000000070ea00000|100%| S|CS|TAMS 0x000000070e800000, 0x000000070e800000| Complete 
| 108|0x000000070ea00000, 0x000000070ea00000, 0x000000070ec00000|  0%| F|  |TAMS 0x000000070ea00000, 0x000000070ea00000| Untracked 
| 109|0x000000070ec00000, 0x000000070ec00000, 0x000000070ee00000|  0%| F|  |TAMS 0x000000070ec00000, 0x000000070ec00000| Untracked 
| 110|0x000000070ee00000, 0x000000070ee00000, 0x000000070f000000|  0%| F|  |TAMS 0x000000070ee00000, 0x000000070ee00000| Untracked 
| 111|0x000000070f000000, 0x000000070f000000, 0x000000070f200000|  0%| F|  |TAMS 0x000000070f000000, 0x000000070f000000| Untracked 
| 112|0x000000070f200000, 0x000000070f200000, 0x000000070f400000|  0%| F|  |TAMS 0x000000070f200000, 0x000000070f200000| Untracked 
| 113|0x000000070f400000, 0x000000070f400000, 0x000000070f600000|  0%| F|  |TAMS 0x000000070f400000, 0x000000070f400000| Untracked 
| 114|0x000000070f600000, 0x000000070f600000, 0x000000070f800000|  0%| F|  |TAMS 0x000000070f600000, 0x000000070f600000| Untracked 
| 115|0x000000070f800000, 0x000000070f800000, 0x000000070fa00000|  0%| F|  |TAMS 0x000000070f800000, 0x000000070f800000| Untracked 
| 116|0x000000070fa00000, 0x000000070fa00000, 0x000000070fc00000|  0%| F|  |TAMS 0x000000070fa00000, 0x000000070fa00000| Untracked 
| 117|0x000000070fc00000, 0x000000070fc00000, 0x000000070fe00000|  0%| F|  |TAMS 0x000000070fc00000, 0x000000070fc00000| Untracked 
| 118|0x000000070fe00000, 0x000000070fe774d0, 0x0000000710000000| 23%| E|  |TAMS 0x000000070fe00000, 0x000000070fe00000| Complete 
| 119|0x0000000710000000, 0x0000000710200000, 0x0000000710200000|100%| E|CS|TAMS 0x0000000710000000, 0x0000000710000000| Complete 
| 120|0x0000000710200000, 0x0000000710400000, 0x0000000710400000|100%| E|CS|TAMS 0x0000000710200000, 0x0000000710200000| Complete 
| 121|0x0000000710400000, 0x0000000710600000, 0x0000000710600000|100%| E|CS|TAMS 0x0000000710400000, 0x0000000710400000| Complete 
| 122|0x0000000710600000, 0x0000000710800000, 0x0000000710800000|100%| E|CS|TAMS 0x0000000710600000, 0x0000000710600000| Complete 
| 123|0x0000000710800000, 0x0000000710a00000, 0x0000000710a00000|100%| E|CS|TAMS 0x0000000710800000, 0x0000000710800000| Complete 
| 124|0x0000000710a00000, 0x0000000710c00000, 0x0000000710c00000|100%| E|CS|TAMS 0x0000000710a00000, 0x0000000710a00000| Complete 
| 125|0x0000000710c00000, 0x0000000710e00000, 0x0000000710e00000|100%| E|CS|TAMS 0x0000000710c00000, 0x0000000710c00000| Complete 
| 126|0x0000000710e00000, 0x0000000711000000, 0x0000000711000000|100%| E|CS|TAMS 0x0000000710e00000, 0x0000000710e00000| Complete 
| 127|0x0000000711000000, 0x0000000711200000, 0x0000000711200000|100%| E|CS|TAMS 0x0000000711000000, 0x0000000711000000| Complete 

Card table byte_map: [0x0000026eea030000,0x0000026eea830000] _byte_map_base: 0x0000026ee6827000

Marking Bits (Prev, Next): (CMBitMap*) 0x0000026ed2106fc0, (CMBitMap*) 0x0000026ed2107000
 Prev Bits: [0x0000026eeb030000, 0x0000026eeefe8000)
 Next Bits: [0x0000026eeeff0000, 0x0000026ef2fa8000)

Polling page: 0x0000026ed1880000

Metaspace:

Usage:
  Non-class:     14.68 MB capacity,    14.51 MB ( 99%) used,   143.19 KB ( <1%) free+waste,    27.69 KB ( <1%) overhead. 
      Class:      2.36 MB capacity,     2.25 MB ( 96%) used,    94.92 KB (  4%) free+waste,    11.94 KB ( <1%) overhead. 
       Both:     17.04 MB capacity,    16.77 MB ( 98%) used,   238.11 KB (  1%) free+waste,    39.62 KB ( <1%) overhead. 

Virtual space:
  Non-class space:       16.00 MB reserved,      14.75 MB ( 92%) committed 
      Class space:        1.00 GB reserved,       2.38 MB ( <1%) committed 
             Both:        1.02 GB reserved,      17.12 MB (  2%) committed 

Chunk freelists:
   Non-Class:  8.00 KB
       Class:  0 bytes
        Both:  8.00 KB

MaxMetaspaceSize: 17179869184.00 GB
CompressedClassSpaceSize: 1.00 GB

CodeHeap 'non-profiled nmethods': size=120000Kb used=1413Kb max_used=1413Kb free=118586Kb
 bounds [0x0000026ee1db0000, 0x0000026ee2020000, 0x0000026ee92e0000]
CodeHeap 'profiled nmethods': size=120000Kb used=6331Kb max_used=6331Kb free=113668Kb
 bounds [0x0000026eda880000, 0x0000026edaeb0000, 0x0000026ee1db0000]
CodeHeap 'non-nmethods': size=5760Kb used=1453Kb max_used=1521Kb free=4306Kb
 bounds [0x0000026eda2e0000, 0x0000026eda550000, 0x0000026eda880000]
 total_blobs=4131 nmethods=3349 adapters=693
 compilation: enabled
              stopped_count=0, restarted_count=0
 full_count=0

Compilation events (20 events):
Event: 21.880 Thread 0x0000026ef6494e00 3346       3       com.sun.javafx.scene.input.PickResultChooser::toPickResult (41 bytes)
Event: 21.880 Thread 0x0000026ef6494e00 nmethod 3346 0x0000026edaea5f10 code [0x0000026edaea60c0, 0x0000026edaea6308]
Event: 21.880 Thread 0x0000026ef6494e00 3347       3       javafx.scene.input.PickResult::<init> (50 bytes)
Event: 21.881 Thread 0x0000026ef6494e00 nmethod 3347 0x0000026edaea6410 code [0x0000026edaea65c0, 0x0000026edaea68d8]
Event: 21.886 Thread 0x0000026ef6494e00 3349       3       com.sun.javafx.scene.EnteredExitedHandler::dispatchBubblingEvent (204 bytes)
Event: 21.888 Thread 0x0000026ef6494e00 nmethod 3349 0x0000026edaea6990 code [0x0000026edaea6d80, 0x0000026edaea93b8]
Event: 21.962 Thread 0x0000026ef6494e00 3350       3       com.sun.javafx.scene.KeyboardShortcutsHandler::dispatchBubblingEvent (60 bytes)
Event: 21.962 Thread 0x0000026ef6494e00 nmethod 3350 0x0000026edaea9b90 code [0x0000026edaea9d80, 0x0000026edaeaa488]
Event: 22.103 Thread 0x0000026ef648df30 3351       4       java.util.EnumMap$EnumMapIterator::hasNext (64 bytes)
Event: 22.108 Thread 0x0000026ef648df30 nmethod 3351 0x0000026ee1f0f210 code [0x0000026ee1f0f3a0, 0x0000026ee1f0f4f8]
Event: 22.129 Thread 0x0000026ef6494e00 3352       3       javafx.scene.Scene$MouseHandler::handleEnterExit (369 bytes)
Event: 22.132 Thread 0x0000026ef6494e00 nmethod 3352 0x0000026edaeaa610 code [0x0000026edaeaa9c0, 0x0000026edaeac848]
Event: 22.157 Thread 0x0000026ef6494e00 3353       3       javafx.scene.Scene$ClickGenerator::postProcess (266 bytes)
Event: 22.160 Thread 0x0000026ef6494e00 nmethod 3353 0x0000026edaead090 code [0x0000026edaead380, 0x0000026edaeae7f8]
Event: 23.456 Thread 0x0000026ef6494e00 3354       1       com.sun.glass.ui.Application::hasWindowManager (2 bytes)
Event: 23.456 Thread 0x0000026ef6494e00 nmethod 3354 0x0000026ee1f0f610 code [0x0000026ee1f0f7a0, 0x0000026ee1f0f858]
Event: 86.360 Thread 0x0000026ef648df30 3355       4       com.sun.javafx.tk.quantum.QuantumToolkit::postPulse (133 bytes)
Event: 86.377 Thread 0x0000026ef648df30 nmethod 3355 0x0000026ee1f0f910 code [0x0000026ee1f0fb00, 0x0000026ee1f10210]
Event: 87.088 Thread 0x0000026ef648df30 3356       4       com.sun.javafx.tk.quantum.QuantumToolkit$$Lambda$109/0x0000000800beaec0::run (8 bytes)
Event: 87.104 Thread 0x0000026ef648df30 nmethod 3356 0x0000026ee1f10690 code [0x0000026ee1f10880, 0x0000026ee1f11020]

GC Heap History (4 events):
Event: 1.041 GC heap before
{Heap before GC invocations=0 (full 0):
 garbage-first heap   total 262144K, used 22528K [0x0000000701200000, 0x0000000800000000)
  region size 2048K, 11 young (22528K), 0 survivors (0K)
 Metaspace       used 3988K, capacity 6139K, committed 6272K, reserved 1056768K
  class space    used 435K, capacity 635K, committed 640K, reserved 1048576K
}
Event: 1.045 GC heap after
{Heap after GC invocations=1 (full 0):
 garbage-first heap   total 262144K, used 2145K [0x0000000701200000, 0x0000000800000000)
  region size 2048K, 2 young (4096K), 2 survivors (4096K)
 Metaspace       used 3988K, capacity 6139K, committed 6272K, reserved 1056768K
  class space    used 435K, capacity 635K, committed 640K, reserved 1048576K
}
Event: 1.707 GC heap before
{Heap before GC invocations=1 (full 0):
 garbage-first heap   total 262144K, used 39009K [0x0000000701200000, 0x0000000800000000)
  region size 2048K, 20 young (40960K), 2 survivors (4096K)
 Metaspace       used 13904K, capacity 14054K, committed 14208K, reserved 1060864K
  class space    used 2047K, capacity 2114K, committed 2176K, reserved 1048576K
}
Event: 1.714 GC heap after
{Heap after GC invocations=2 (full 0):
 garbage-first heap   total 262144K, used 7455K [0x0000000701200000, 0x0000000800000000)
  region size 2048K, 3 young (6144K), 3 survivors (6144K)
 Metaspace       used 13904K, capacity 14054K, committed 14208K, reserved 1060864K
  class space    used 2047K, capacity 2114K, committed 2176K, reserved 1048576K
}

Deoptimization events (20 events):
Event: 6.814 Thread 0x0000026ef6bc98f0 DEOPT PACKING pc=0x0000026edabf72cf sp=0x000000fc289fe2e0
Event: 6.814 Thread 0x0000026ef6bc98f0 DEOPT UNPACKING pc=0x0000026eda32e23f sp=0x000000fc289fd718 mode 0
Event: 8.020 Thread 0x0000026ef6bc98f0 Uncommon trap: trap_request=0xffffff45 fr.pc=0x0000026ee1e9a3e0 relative=0x0000000000002360
Event: 8.020 Thread 0x0000026ef6bc98f0 Uncommon trap: reason=unstable_if action=reinterpret pc=0x0000026ee1e9a3e0 method=com.sun.marlin.DRenderer._endRendering(IILcom/sun/marlin/MarlinAlphaConsumer;)V @ 207 c2
Event: 8.020 Thread 0x0000026ef6bc98f0 DEOPT PACKING pc=0x0000026ee1e9a3e0 sp=0x000000fc289fda50
Event: 8.020 Thread 0x0000026ef6bc98f0 DEOPT UNPACKING pc=0x0000026eda32e42f sp=0x000000fc289fd890 mode 2
Event: 8.020 Thread 0x0000026ef6bc98f0 Uncommon trap: trap_request=0xffffff45 fr.pc=0x0000026ee1e8c450 relative=0x0000000000000b90
Event: 8.020 Thread 0x0000026ef6bc98f0 Uncommon trap: reason=unstable_if action=reinterpret pc=0x0000026ee1e8c450 method=com.sun.marlin.MaskMarlinAlphaConsumer.setAndClearRelativeAlphas([IIII)V @ 69 c2
Event: 8.020 Thread 0x0000026ef6bc98f0 DEOPT PACKING pc=0x0000026ee1e8c450 sp=0x000000fc289fd820
Event: 8.020 Thread 0x0000026ef6bc98f0 DEOPT UNPACKING pc=0x0000026eda32e42f sp=0x000000fc289fd700 mode 2
Event: 8.025 Thread 0x0000026ef6bc98f0 Uncommon trap: trap_request=0xffffff45 fr.pc=0x0000026ee1e91f3c relative=0x000000000000463c
Event: 8.025 Thread 0x0000026ef6bc98f0 Uncommon trap: reason=unstable_if action=reinterpret pc=0x0000026ee1e91f3c method=com.sun.marlin.MaskMarlinAlphaConsumer.setAndClearRelativeAlphas([IIII)V @ 69 c2
Event: 8.025 Thread 0x0000026ef6bc98f0 DEOPT PACKING pc=0x0000026ee1e91f3c sp=0x000000fc289fd990
Event: 8.025 Thread 0x0000026ef6bc98f0 DEOPT UNPACKING pc=0x0000026eda32e42f sp=0x000000fc289fd730 mode 2
Event: 9.959 Thread 0x0000026ef6bc98f0 Uncommon trap: trap_request=0xffffff45 fr.pc=0x0000026ee1e6b834 relative=0x00000000000007f4
Event: 9.959 Thread 0x0000026ef6bc98f0 Uncommon trap: reason=unstable_if action=reinterpret pc=0x0000026ee1e6b834 method=com.sun.marlin.MaskMarlinAlphaConsumer.setAndClearRelativeAlphas([I[IIII)V @ 414 c2
Event: 9.959 Thread 0x0000026ef6bc98f0 DEOPT PACKING pc=0x0000026ee1e6b834 sp=0x000000fc289fdd40
Event: 9.959 Thread 0x0000026ef6bc98f0 DEOPT UNPACKING pc=0x0000026eda32e42f sp=0x000000fc289fdc48 mode 2
Event: 11.231 Thread 0x0000026ef6bc98f0 DEOPT PACKING pc=0x0000026edacd1771 sp=0x000000fc289fdd50
Event: 11.231 Thread 0x0000026ef6bc98f0 DEOPT UNPACKING pc=0x0000026eda32e23f sp=0x000000fc289fd188 mode 0

Classes unloaded (0 events):
No events

Classes redefined (0 events):
No events

Internal exceptions (20 events):
Event: 1.592 Thread 0x0000026ef71e7420 Exception <a 'java/lang/ClassNotFoundException'{0x000000070ef686e8}: com/sun/javafx/scene/control/skin/resources/controls_uk_UA> (0x000000070ef686e8) 
thrown [./open/src/hotspot/share/prims/jni.cpp, line 599]
Event: 1.633 Thread 0x0000026ef71e7420 Exception <a 'java/lang/NoSuchMethodError'{0x000000070ecfde50}: 'void java.lang.invoke.DirectMethodHandle$Holder.invokeSpecial(java.lang.Object, java.lang.Object, java.lang.Object, java.lang.Object, java.lang.Object, java.lang.Object)'> (0x000000070ecfde50) 
thrown [./open/src/hotspot/share/interpreter/linkResolver.cpp, line 782]
Event: 1.722 Thread 0x0000026ef71e7420 Exception <a 'java/lang/NoSuchMethodError'{0x0000000711026780}: 'java.lang.Object java.lang.invoke.DirectMethodHandle$Holder.newInvokeSpecial(java.lang.Object, java.lang.Object, int)'> (0x0000000711026780) 
thrown [./open/src/hotspot/share/interpreter/linkResolver.cpp, line 782]
Event: 1.757 Thread 0x0000026ef6bc98f0 Exception <a 'java/lang/NoSuchMethodError'{0x00000007111bca30}: 'int java.lang.invoke.DirectMethodHandle$Holder.invokeStaticInit(java.lang.Object, java.lang.Object)'> (0x00000007111bca30) 
thrown [./open/src/hotspot/share/interpreter/linkResolver.cpp, line 782]
Event: 1.774 Thread 0x0000026ef6bc98f0 Exception <a 'java/lang/NoSuchMethodError'{0x0000000710f1d070}: 'java.lang.Object java.lang.invoke.DirectMethodHandle$Holder.invokeStaticInit(java.lang.Object, int)'> (0x0000000710f1d070) 
thrown [./open/src/hotspot/share/interpreter/linkResolver.cpp, line 782]
Event: 7.517 Thread 0x0000026ef71e7420 Exception <a 'java/lang/NoSuchMethodError'{0x0000000710eb9f40}: 'long java.lang.invoke.DirectMethodHandle$Holder.invokeStatic(java.lang.Object, java.lang.Object, java.lang.Object)'> (0x0000000710eb9f40) 
thrown [./open/src/hotspot/share/interpreter/linkResolver.cpp, line 782]
Event: 7.517 Thread 0x0000026ef71e7420 Exception <a 'java/lang/NoSuchMethodError'{0x0000000710800cc8}: 'long java.lang.invoke.DirectMethodHandle$Holder.invokeStaticInit(java.lang.Object, java.lang.Object, java.lang.Object)'> (0x0000000710800cc8) 
thrown [./open/src/hotspot/share/interpreter/linkResolver.cpp, line 782]
Event: 7.521 Thread 0x0000026ef71e7420 Exception <a 'java/lang/NoSuchMethodError'{0x0000000710818d28}: 'java.lang.Object java.lang.invoke.DirectMethodHandle$Holder.newInvokeSpecial(java.lang.Object, java.lang.Object, long)'> (0x0000000710818d28) 
thrown [./open/src/hotspot/share/interpreter/linkResolver.cpp, line 782]
Event: 7.521 Thread 0x0000026ef71e7420 Exception <a 'java/lang/NoSuchMethodError'{0x000000071081ca98}: 'java.lang.Object java.lang.invoke.Invokers$Holder.linkToTargetMethod(java.lang.Object, long, java.lang.Object)'> (0x000000071081ca98) 
thrown [./open/src/hotspot/share/interpreter/linkResolver.cpp, line 782]
Event: 7.773 Thread 0x0000026ef71e7420 Exception <a 'java/io/FileNotFoundException'{0x000000071084c260}> (0x000000071084c260) 
thrown [./open/src/hotspot/share/prims/jni.cpp, line 578]
Event: 7.777 Thread 0x0000026ef71e7420 Exception <a 'java/io/FileNotFoundException'{0x000000071085d408}> (0x000000071085d408) 
thrown [./open/src/hotspot/share/prims/jni.cpp, line 578]
Event: 9.869 Thread 0x0000026ef71e7420 Exception <a 'java/io/FileNotFoundException'{0x00000007107a53f8}> (0x00000007107a53f8) 
thrown [./open/src/hotspot/share/prims/jni.cpp, line 578]
Event: 9.871 Thread 0x0000026ef71e7420 Exception <a 'java/io/FileNotFoundException'{0x00000007107ac5d8}> (0x00000007107ac5d8) 
thrown [./open/src/hotspot/share/prims/jni.cpp, line 578]
Event: 17.144 Thread 0x0000026ef71e7420 Exception <a 'java/io/FileNotFoundException'{0x0000000710226348}> (0x0000000710226348) 
thrown [./open/src/hotspot/share/prims/jni.cpp, line 578]
Event: 17.147 Thread 0x0000026ef71e7420 Exception <a 'java/io/FileNotFoundException'{0x000000071022cd30}> (0x000000071022cd30) 
thrown [./open/src/hotspot/share/prims/jni.cpp, line 578]
Event: 17.243 Thread 0x0000026ef71e7420 Exception <a 'java/lang/NoSuchMethodError'{0x0000000710317778}: 'java.lang.Object java.lang.invoke.DirectMethodHandle$Holder.newInvokeSpecial(java.lang.Object, java.lang.Object, int, int, int, int, int, java.lang.Object)'> (0x0000000710317778) 
thrown [./open/src/hotspot/share/interpreter/linkResolver.cpp, line 782]
Event: 17.245 Thread 0x0000026ef71e7420 Exception <a 'java/lang/NoSuchMethodError'{0x000000071032b838}: 'java.lang.Object java.lang.invoke.DirectMethodHandle$Holder.newInvokeSpecial(java.lang.Object, java.lang.Object, java.lang.Object, int, int, int, int, int)'> (0x000000071032b838) 
thrown [./open/src/hotspot/share/interpreter/linkResolver.cpp, line 782]
Event: 17.246 Thread 0x0000026ef71e7420 Exception <a 'java/lang/NoSuchMethodError'{0x00000007103338e8}: 'java.lang.Object java.lang.invoke.Invokers$Holder.linkToTargetMethod(java.lang.Object, java.lang.Object, int, int, int, int, int, java.lang.Object)'> (0x00000007103338e8) 
thrown [./open/src/hotspot/share/interpreter/linkResolver.cpp, line 782]
Event: 17.333 Thread 0x0000026ef71e7420 Exception <a 'java/io/FileNotFoundException'{0x000000071035d698}> (0x000000071035d698) 
thrown [./open/src/hotspot/share/prims/jni.cpp, line 578]
Event: 17.334 Thread 0x0000026ef71e7420 Exception <a 'java/io/FileNotFoundException'{0x0000000710364878}> (0x0000000710364878) 
thrown [./open/src/hotspot/share/prims/jni.cpp, line 578]

Events (20 events):
Event: 17.330 loading class java/lang/AnchorPane done
Event: 17.330 loading class java/util/AnchorPane
Event: 17.330 loading class java/util/AnchorPane done
Event: 17.334 loading class java/lang/Button
Event: 17.334 loading class java/lang/Button done
Event: 17.334 loading class java/util/Button
Event: 17.334 loading class java/util/Button done
Event: 17.337 loading class java/lang/RadioButton
Event: 17.337 loading class java/lang/RadioButton done
Event: 17.337 loading class java/util/RadioButton
Event: 17.337 loading class java/util/RadioButton done
Event: 219.612 loading class jdk/internal/misc/Signal$1
Event: 219.612 loading class jdk/internal/misc/Signal$1 done
Event: 219.613 Thread 0x0000026ef7967bf0 Thread added: 0x0000026ef7967bf0
Event: 219.614 Thread 0x0000026ef79663e0 Thread added: 0x0000026ef79663e0
Event: 219.614 Thread 0x0000026ef70234e0 Thread added: 0x0000026ef70234e0
Event: 219.615 Thread 0x0000026ef79663e0 Thread exited: 0x0000026ef79663e0
Event: 219.618 Thread 0x0000026ef70234e0 Thread exited: 0x0000026ef70234e0
Event: 219.618 Thread 0x0000026ef6488ff0 Thread exited: 0x0000026ef6488ff0
Event: 219.618 Executing VM operation: Exit


Dynamic libraries:
0x00007ff707f60000 - 0x00007ff707f6f000 	D:\AnyProgram\bin\java.exe
0x00007ff83e8f0000 - 0x00007ff83eb04000 	C:\WINDOWS\SYSTEM32\ntdll.dll
0x00007ff83c770000 - 0x00007ff83c833000 	C:\WINDOWS\System32\KERNEL32.DLL
0x00007ff83be80000 - 0x00007ff83c21d000 	C:\WINDOWS\System32\KERNELBASE.dll
0x00007ff83c340000 - 0x00007ff83c451000 	C:\WINDOWS\System32\ucrtbase.dll
0x00007ff837f80000 - 0x00007ff837f98000 	D:\AnyProgram\bin\jli.dll
0x00007ff837f50000 - 0x00007ff837f69000 	D:\AnyProgram\bin\VCRUNTIME140.dll
0x00007ff83e690000 - 0x00007ff83e73e000 	C:\WINDOWS\System32\ADVAPI32.dll
0x00007ff83d2d0000 - 0x00007ff83d377000 	C:\WINDOWS\System32\msvcrt.dll
0x00007ff83d8f0000 - 0x00007ff83d994000 	C:\WINDOWS\System32\sechost.dll
0x00007ff83d380000 - 0x00007ff83d495000 	C:\WINDOWS\System32\RPCRT4.dll
0x00007ff83d5a0000 - 0x00007ff83d74d000 	C:\WINDOWS\System32\USER32.dll
0x00007ff821e70000 - 0x00007ff8220fe000 	C:\WINDOWS\WinSxS\amd64_microsoft.windows.common-controls_6595b64144ccf1df_6.0.22621.608_none_a9444ca7c10bb01d\COMCTL32.dll
0x00007ff83bdd0000 - 0x00007ff83bdf6000 	C:\WINDOWS\System32\win32u.dll
0x00007ff83e540000 - 0x00007ff83e569000 	C:\WINDOWS\System32\GDI32.dll
0x00007ff83c220000 - 0x00007ff83c332000 	C:\WINDOWS\System32\gdi32full.dll
0x00007ff83c640000 - 0x00007ff83c6da000 	C:\WINDOWS\System32\msvcp_win.dll
0x00007ff833130000 - 0x00007ff83313a000 	C:\WINDOWS\SYSTEM32\VERSION.dll
0x00007ff83dfd0000 - 0x00007ff83e002000 	C:\WINDOWS\System32\IMM32.DLL
0x00007ff838180000 - 0x00007ff83818c000 	D:\AnyProgram\bin\vcruntime140_1.dll
0x00007ff8294b0000 - 0x00007ff829541000 	D:\AnyProgram\bin\msvcp140.dll
0x00007fffda260000 - 0x00007fffdadbe000 	D:\AnyProgram\bin\server\jvm.dll
0x00007ff83d770000 - 0x00007ff83d778000 	C:\WINDOWS\System32\PSAPI.DLL
0x00007ff81be00000 - 0x00007ff81be09000 	C:\WINDOWS\SYSTEM32\WSOCK32.dll
0x00007ff834b10000 - 0x00007ff834b44000 	C:\WINDOWS\SYSTEM32\WINMM.dll
0x00007ff83c6e0000 - 0x00007ff83c751000 	C:\WINDOWS\System32\WS2_32.dll
0x00007ff83ae50000 - 0x00007ff83ae68000 	C:\WINDOWS\SYSTEM32\kernel.appcore.dll
0x00007ff837f40000 - 0x00007ff837f4a000 	D:\AnyProgram\bin\jimage.dll
0x00007ff8398e0000 - 0x00007ff839b0e000 	C:\WINDOWS\SYSTEM32\DBGHELP.DLL
0x00007ff83e1b0000 - 0x00007ff83e53a000 	C:\WINDOWS\System32\combase.dll
0x00007ff83e740000 - 0x00007ff83e817000 	C:\WINDOWS\System32\OLEAUT32.dll
0x00007ff81bc50000 - 0x00007ff81bc82000 	C:\WINDOWS\SYSTEM32\dbgcore.DLL
0x00007ff83be00000 - 0x00007ff83be7b000 	C:\WINDOWS\System32\bcryptPrimitives.dll
0x00007ff837e90000 - 0x00007ff837e9e000 	D:\AnyProgram\bin\instrument.dll
0x00007ff829480000 - 0x00007ff8294a5000 	D:\AnyProgram\bin\java.dll
0x00007ff83ca20000 - 0x00007ff83d20f000 	C:\WINDOWS\System32\SHELL32.dll
0x00007ff839d40000 - 0x00007ff83a608000 	C:\WINDOWS\SYSTEM32\windows.storage.dll
0x00007ff839c00000 - 0x00007ff839d3e000 	C:\WINDOWS\SYSTEM32\wintypes.dll
0x00007ff83d780000 - 0x00007ff83d871000 	C:\WINDOWS\System32\SHCORE.dll
0x00007ff83d890000 - 0x00007ff83d8ee000 	C:\WINDOWS\System32\shlwapi.dll
0x00007ff83bc40000 - 0x00007ff83bc61000 	C:\WINDOWS\SYSTEM32\profapi.dll
0x00007ff8369f0000 - 0x00007ff836a09000 	D:\AnyProgram\bin\net.dll
0x00007ff8349e0000 - 0x00007ff834b0f000 	C:\WINDOWS\SYSTEM32\WINHTTP.dll
0x00007ff83b2c0000 - 0x00007ff83b329000 	C:\WINDOWS\system32\mswsock.dll
0x00007ff835f90000 - 0x00007ff835fa2000 	D:\AnyProgram\bin\nio.dll
0x00007ff829380000 - 0x00007ff829398000 	D:\AnyProgram\bin\zip.dll
0x00007ff829130000 - 0x00007ff82914a000 	D:\Intellij\IntelliJ IDEA 2022.1.1\bin\breakgen64.dll
0x0000026ef8140000 - 0x0000026ef8143000 	C:\Users\user\.openjfx\cache\15.0.1\api-ms-win-core-console-l1-1-0.dll
0x0000026ef8150000 - 0x0000026ef8153000 	C:\Users\user\.openjfx\cache\15.0.1\api-ms-win-core-console-l1-2-0.dll
0x0000026ef8160000 - 0x0000026ef8163000 	C:\Users\user\.openjfx\cache\15.0.1\api-ms-win-core-datetime-l1-1-0.dll
0x0000026ef8170000 - 0x0000026ef8173000 	C:\Users\user\.openjfx\cache\15.0.1\api-ms-win-core-debug-l1-1-0.dll
0x0000026ef8180000 - 0x0000026ef8183000 	C:\Users\user\.openjfx\cache\15.0.1\api-ms-win-core-errorhandling-l1-1-0.dll
0x0000026ef8190000 - 0x0000026ef8194000 	C:\Users\user\.openjfx\cache\15.0.1\api-ms-win-core-file-l1-1-0.dll
0x0000026ef81a0000 - 0x0000026ef81a3000 	C:\Users\user\.openjfx\cache\15.0.1\api-ms-win-core-file-l1-2-0.dll
0x0000026ef81b0000 - 0x0000026ef81b3000 	C:\Users\user\.openjfx\cache\15.0.1\api-ms-win-core-file-l2-1-0.dll
0x0000026ef81c0000 - 0x0000026ef81c3000 	C:\Users\user\.openjfx\cache\15.0.1\api-ms-win-core-handle-l1-1-0.dll
0x0000026ef81d0000 - 0x0000026ef81d3000 	C:\Users\user\.openjfx\cache\15.0.1\api-ms-win-core-heap-l1-1-0.dll
0x0000026ef81e0000 - 0x0000026ef81e3000 	C:\Users\user\.openjfx\cache\15.0.1\api-ms-win-core-interlocked-l1-1-0.dll
0x0000026ef81f0000 - 0x0000026ef81f3000 	C:\Users\user\.openjfx\cache\15.0.1\api-ms-win-core-libraryloader-l1-1-0.dll
0x0000026ef8200000 - 0x0000026ef8203000 	C:\Users\user\.openjfx\cache\15.0.1\api-ms-win-core-localization-l1-2-0.dll
0x0000026ef8210000 - 0x0000026ef8213000 	C:\Users\user\.openjfx\cache\15.0.1\api-ms-win-core-memory-l1-1-0.dll
0x0000026ef8220000 - 0x0000026ef8223000 	C:\Users\user\.openjfx\cache\15.0.1\api-ms-win-core-namedpipe-l1-1-0.dll
0x0000026ef8230000 - 0x0000026ef8233000 	C:\Users\user\.openjfx\cache\15.0.1\api-ms-win-core-processenvironment-l1-1-0.dll
0x0000026ef8240000 - 0x0000026ef8243000 	C:\Users\user\.openjfx\cache\15.0.1\api-ms-win-core-processthreads-l1-1-0.dll
0x0000026ef8250000 - 0x0000026ef8253000 	C:\Users\user\.openjfx\cache\15.0.1\api-ms-win-core-processthreads-l1-1-1.dll
0x0000026ef8260000 - 0x0000026ef8263000 	C:\Users\user\.openjfx\cache\15.0.1\api-ms-win-core-profile-l1-1-0.dll
0x0000026ef8270000 - 0x0000026ef8273000 	C:\Users\user\.openjfx\cache\15.0.1\api-ms-win-core-rtlsupport-l1-1-0.dll
0x0000026ef8280000 - 0x0000026ef8283000 	C:\Users\user\.openjfx\cache\15.0.1\api-ms-win-core-string-l1-1-0.dll
0x0000026ef8290000 - 0x0000026ef8293000 	C:\Users\user\.openjfx\cache\15.0.1\api-ms-win-core-synch-l1-1-0.dll
0x0000026ef82a0000 - 0x0000026ef82a3000 	C:\Users\user\.openjfx\cache\15.0.1\api-ms-win-core-synch-l1-2-0.dll
0x0000026ef82b0000 - 0x0000026ef82b3000 	C:\Users\user\.openjfx\cache\15.0.1\api-ms-win-core-sysinfo-l1-1-0.dll
0x0000026ef82c0000 - 0x0000026ef82c3000 	C:\Users\user\.openjfx\cache\15.0.1\api-ms-win-core-timezone-l1-1-0.dll
0x0000026ef82d0000 - 0x0000026ef82d3000 	C:\Users\user\.openjfx\cache\15.0.1\api-ms-win-core-util-l1-1-0.dll
0x0000026ef82e0000 - 0x0000026ef82e3000 	C:\Users\user\.openjfx\cache\15.0.1\api-ms-win-crt-conio-l1-1-0.dll
0x0000026ef82f0000 - 0x0000026ef82f4000 	C:\Users\user\.openjfx\cache\15.0.1\api-ms-win-crt-convert-l1-1-0.dll
0x0000026ef8300000 - 0x0000026ef8303000 	C:\Users\user\.openjfx\cache\15.0.1\api-ms-win-crt-environment-l1-1-0.dll
0x0000026ef8310000 - 0x0000026ef8313000 	C:\Users\user\.openjfx\cache\15.0.1\api-ms-win-crt-filesystem-l1-1-0.dll
0x0000026ef8320000 - 0x0000026ef8323000 	C:\Users\user\.openjfx\cache\15.0.1\api-ms-win-crt-heap-l1-1-0.dll
0x0000026ef8330000 - 0x0000026ef8333000 	C:\Users\user\.openjfx\cache\15.0.1\api-ms-win-crt-locale-l1-1-0.dll
0x0000026ef8340000 - 0x0000026ef8345000 	C:\Users\user\.openjfx\cache\15.0.1\api-ms-win-crt-math-l1-1-0.dll
0x0000026ef8350000 - 0x0000026ef8355000 	C:\Users\user\.openjfx\cache\15.0.1\api-ms-win-crt-multibyte-l1-1-0.dll
0x0000026ef8360000 - 0x0000026ef8370000 	C:\Users\user\.openjfx\cache\15.0.1\api-ms-win-crt-private-l1-1-0.dll
0x0000026ef8370000 - 0x0000026ef8373000 	C:\Users\user\.openjfx\cache\15.0.1\api-ms-win-crt-process-l1-1-0.dll
0x0000026ef8380000 - 0x0000026ef8384000 	C:\Users\user\.openjfx\cache\15.0.1\api-ms-win-crt-runtime-l1-1-0.dll
0x0000026ef8390000 - 0x0000026ef8394000 	C:\Users\user\.openjfx\cache\15.0.1\api-ms-win-crt-stdio-l1-1-0.dll
0x0000026ef83a0000 - 0x0000026ef83a4000 	C:\Users\user\.openjfx\cache\15.0.1\api-ms-win-crt-string-l1-1-0.dll
0x0000026ef83b0000 - 0x0000026ef83b3000 	C:\Users\user\.openjfx\cache\15.0.1\api-ms-win-crt-time-l1-1-0.dll
0x0000026ef83c0000 - 0x0000026ef83c3000 	C:\Users\user\.openjfx\cache\15.0.1\api-ms-win-crt-utility-l1-1-0.dll
0x00007ff819a60000 - 0x00007ff819b5c000 	C:\Users\user\.openjfx\cache\15.0.1\ucrtbase.dll
0x00007ff829110000 - 0x00007ff829125000 	C:\Users\user\.openjfx\cache\15.0.1\vcruntime140.dll
0x00007ff81cef0000 - 0x00007ff81cf8b000 	C:\Users\user\.openjfx\cache\15.0.1\msvcp140.dll
0x00007ff829060000 - 0x00007ff829083000 	C:\Users\user\.openjfx\cache\15.0.1\prism_d3d.dll
0x00007ff82a220000 - 0x00007ff82a3c9000 	C:\WINDOWS\system32\d3d9.dll
0x00007ff838520000 - 0x00007ff83854b000 	C:\WINDOWS\SYSTEM32\dwmapi.dll
0x00007ff839190000 - 0x00007ff8391c6000 	C:\WINDOWS\SYSTEM32\dxcore.dll
0x00007ff8382a0000 - 0x00007ff83834b000 	C:\WINDOWS\system32\uxtheme.dll
0x00007ff83b9a0000 - 0x00007ff83b9b2000 	C:\WINDOWS\SYSTEM32\msasn1.dll
0x00007ff833080000 - 0x00007ff8330b2000 	C:\WINDOWS\SYSTEM32\cryptnet.dll
0x00007ff83c4d0000 - 0x00007ff83c636000 	C:\WINDOWS\System32\CRYPT32.dll
0x00007ff83b510000 - 0x00007ff83b51c000 	C:\WINDOWS\SYSTEM32\cryptbase.dll
0x00007ff83c460000 - 0x00007ff83c4cb000 	C:\WINDOWS\System32\WINTRUST.DLL
0x00007ff83d750000 - 0x00007ff83d76f000 	C:\WINDOWS\System32\imagehlp.dll
0x00007ff83b520000 - 0x00007ff83b53b000 	C:\WINDOWS\SYSTEM32\CRYPTSP.dll
0x00007ff83adc0000 - 0x00007ff83adf5000 	C:\WINDOWS\system32\rsaenh.dll
0x00007ff83b6b0000 - 0x00007ff83b6d8000 	C:\WINDOWS\SYSTEM32\bcrypt.dll
0x00007ff834800000 - 0x00007ff834849000 	C:\WINDOWS\SYSTEM32\directxdatabasehelper.dll
0x00007ff825ab0000 - 0x00007ff825af5000 	C:\Users\user\.openjfx\cache\15.0.1\glass.dll
0x00007ff83de80000 - 0x00007ff83df77000 	C:\WINDOWS\System32\COMDLG32.dll
0x00007ff83e010000 - 0x00007ff83e1ac000 	C:\WINDOWS\System32\ole32.dll
0x00007ff83e570000 - 0x00007ff83e68e000 	C:\WINDOWS\System32\MSCTF.dll
0x00007ff83b350000 - 0x00007ff83b376000 	C:\WINDOWS\SYSTEM32\gpapi.dll
0x00007ff828c50000 - 0x00007ff828c64000 	C:\Users\user\.openjfx\cache\15.0.1\javafx_font.dll
0x00007ff836c40000 - 0x00007ff836ea7000 	C:\WINDOWS\SYSTEM32\dwrite.dll
0x00007ff83d210000 - 0x00007ff83d2c7000 	C:\WINDOWS\System32\clbcatq.dll
0x00007ff836a90000 - 0x00007ff836c40000 	C:\WINDOWS\SYSTEM32\WindowsCodecs.dll
0x00007ff81b640000 - 0x00007ff81b69e000 	C:\WINDOWS\system32\dataexchange.dll
0x00007ff832510000 - 0x00007ff83277a000 	C:\WINDOWS\system32\twinapi.appcore.dll
0x00007ff826800000 - 0x00007ff826832000 	C:\Program Files\Common Files\Microsoft Shared\Ink\rtscom.dll
0x00007ff825770000 - 0x00007ff82589d000 	C:\WINDOWS\SYSTEM32\textinputframework.dll
0x00007ff837d50000 - 0x00007ff837e83000 	C:\WINDOWS\SYSTEM32\CoreMessaging.dll
0x00007ff834070000 - 0x00007ff8343dc000 	C:\WINDOWS\SYSTEM32\CoreUIComponents.dll
0x00007ff837110000 - 0x00007ff8376d1000 	C:\WINDOWS\SYSTEM32\d2d1.dll
0x00007ff836eb0000 - 0x00007ff837107000 	C:\WINDOWS\SYSTEM32\d3d11.dll
0x00007ff838410000 - 0x00007ff838507000 	C:\WINDOWS\SYSTEM32\dxgi.dll
0x00007ff8334c0000 - 0x00007ff833bd1000 	C:\WINDOWS\SYSTEM32\D3D10Warp.dll
0x00007ff81ef60000 - 0x00007ff81f010000 	C:\WINDOWS\SYSTEM32\TextShaping.dll

dbghelp: loaded successfully - version: 4.0.5 - missing functions: none
symbol engine: initialized successfully - sym options: 0x614 - pdb path: .;D:\AnyProgram\bin;C:\WINDOWS\SYSTEM32;C:\WINDOWS\WinSxS\amd64_microsoft.windows.common-controls_6595b64144ccf1df_6.0.22621.608_none_a9444ca7c10bb01d;D:\AnyProgram\bin\server;D:\Intellij\IntelliJ IDEA 2022.1.1\bin;C:\Users\user\.openjfx\cache\15.0.1;C:\WINDOWS\System32\DriverStore\FileRepository\nvlt.inf_amd64_5adc6075318430cf;C:\Program Files\Common Files\Microsoft Shared\Ink

VM Arguments:
jvm_args: -javaagent:D:\Intellij\IntelliJ IDEA 2022.1.1\lib\idea_rt.jar=19941:D:\Intellij\IntelliJ IDEA 2022.1.1\bin -Dfile.encoding=UTF-8 --module-path=C:\Users\user\.m2\repository\org\openjfx\javafx-web\15.0.1\javafx-web-15.0.1-win.jar;C:\Users\user\Desktop\SQL J\mysql-connector-j-8.0.32\mysql-connector-j-8.0.32\mysql-connector-j-8.0.32.jar;C:\Users\user\.m2\repository\com\dlsc\formsfx\formsfx-core\11.3.2\formsfx-core-11.3.2.jar;C:\Users\user\.m2\repository\com\github\almasb\fxgl-io\11.17\fxgl-io-11.17.jar;C:\Users\user\.m2\repository\com\github\almasb\fxgl-entity\11.17\fxgl-entity-11.17.jar;C:\Users\user\.m2\repository\com\fasterxml\jackson\core\jackson-core\2.12.1\jackson-core-2.12.1.jar;C:\Users\user\.m2\repository\com\gluonhq\attach\storage\4.0.9\storage-4.0.9.jar;C:\Users\user\.m2\repository\org\kordamp\ikonli\ikonli-core\12.3.0\ikonli-core-12.3.0.jar;C:\Users\user\.m2\repository\org\openjfx\javafx-graphics\15.0.1\javafx-graphics-15.0.1-win.jar;C:\Users\user\.m2\repository\eu\hansolo\tilesfx\11.48\tilesfx-11.48.jar;C:\Users\user\.m2\repository\com\fasterxml\jackson\core\jackson-databind\2.12.1\jackson-databind-2.12.1.jar;C:\Users\user\.m2\repository\org\openjfx\javafx-media\15.0.1\javafx-media-15.0.1-win.jar;C:\Users\user\.m2\repository\org\openjfx\javafx-fxml\15.0.1\javafx-fxml-15.0.1-win.jar;C:\Users\user\.m2\repository\org\controlsfx\controlsfx\11.1.1\controlsfx-11.1.1.jar;C:\Users\user\.m2\repository\net\synedra\validatorfx\0.2.1\validatorfx-0.2.1.jar;C:\Users\user\.m2\repository\com\gluonhq\attach\audio\4.0.9\audio-4.0.9.jar;C:\Users\user\.m2\repository\com\github\almasb\fxgl\11.17\fxgl-11.17.jar;C:\Users\user\IdeaProjects\JavaFx\target\classes;C:\Users\user\.m2\repository\org\openjfx\javafx-base\15.0.1\javafx-base-15.0.1-win.jar;C:\Users\user\.m2\repository\com\fasterxml\jackson\core\jackson-annotations\2.12.1\jackson-annotations-2.12.1.jar;C:\Users\user\.m2\repository\com\gluonhq\attach\util\4.0.9\util-4.0.9.jar;C:\Users\user\.m2\repository\org\kordamp\bootstrapfx\bootstrapfx-core\0.4.0\bootstrapfx-core-0.4.0.jar;C:\Users\user\.m2\repository\com\github\almasb\fxgl-core\11.17\fxgl-core-11-Djdk.module.main=com.example.javafx 
java_command: com.example.javafx/com.example.javafx.HelloApplication
java_class_path (initial): C:\Users\user\.m2\repository\org\openjfx\javafx-controls\15.0.1\javafx-controls-15.0.1.jar;C:\Users\user\.m2\repository\org\openjfx\javafx-graphics\15.0.1\javafx-graphics-15.0.1.jar;C:\Users\user\.m2\repository\org\openjfx\javafx-base\15.0.1\javafx-base-15.0.1.jar;C:\Users\user\.m2\repository\org\openjfx\javafx-fxml\15.0.1\javafx-fxml-15.0.1.jar;C:\Users\user\.m2\repository\org\openjfx\javafx-web\15.0.1\javafx-web-15.0.1.jar;C:\Users\user\.m2\repository\org\openjfx\javafx-media\15.0.1\javafx-media-15.0.1.jar;C:\Users\user\.m2\repository\org\jetbrains\annotations\13.0\annotations-13.0.jar;C:\Users\user\.m2\repository\org\jetbrains\kotlin\kotlin-stdlib-common\1.5.10\kotlin-stdlib-common-1.5.10.jar
Launcher Type: SUN_STANDARD

[Global flags]
     intx CICompilerCount                          = 4                                         {product} {ergonomic}
     uint ConcGCThreads                            = 3                                         {product} {ergonomic}
     uint G1ConcRefinementThreads                  = 10                                        {product} {ergonomic}
   size_t G1HeapRegionSize                         = 2097152                                   {product} {ergonomic}
    uintx GCDrainStackTargetSize                   = 64                                        {product} {ergonomic}
   size_t InitialHeapSize                          = 268435456                                 {product} {ergonomic}
   size_t MarkStackSize                            = 4194304                                   {product} {ergonomic}
   size_t MaxHeapSize                              = 4276092928                                {product} {ergonomic}
   size_t MaxNewSize                               = 2564816896                                {product} {ergonomic}
   size_t MinHeapDeltaBytes                        = 2097152                                   {product} {ergonomic}
   size_t MinHeapSize                              = 8388608                                   {product} {ergonomic}
    uintx NonNMethodCodeHeapSize                   = 5839372                                {pd product} {ergonomic}
    uintx NonProfiledCodeHeapSize                  = 122909434                              {pd product} {ergonomic}
    uintx ProfiledCodeHeapSize                     = 122909434                              {pd product} {ergonomic}
    uintx ReservedCodeCacheSize                    = 251658240                              {pd product} {ergonomic}
     bool SegmentedCodeCache                       = true                                      {product} {ergonomic}
   size_t SoftMaxHeapSize                          = 4276092928                             {manageable} {ergonomic}
     bool UseCompressedClassPointers               = true                                 {lp64_product} {ergonomic}
     bool UseCompressedOops                        = true                                 {lp64_product} {ergonomic}
     bool UseG1GC                                  = true                                      {product} {ergonomic}
     bool UseLargePagesIndividualAllocation        = false                                  {pd product} {ergonomic}

Logging:
Log output configuration:
 #0: stdout all=off uptime,level,tags
 #1: stderr all=off uptime,level,tags

Environment Variables:
PATH=C:\watcom-1.3\binnt;C:\watcom-1.3\binw;C:\Program Files\Common Files\Oracle\Java\javapath;C:\WINDOWS\system32;C:\WINDOWS;C:\WINDOWS\System32\Wbem;C:\WINDOWS\System32\WindowsPowerShell\v1.0\;C:\WINDOWS\System32\OpenSSH\;C:\Program Files\7-Zip;C:\Program Files\Microsoft SQL Server\150\Tools\Binn\;C:\Program Files\Microsoft SQL Server\Client SDK\ODBC\170\Tools\Binn\;C:\Program Files\dotnet\;C:\Users\user\AppData\Local\Microsoft\WindowsApps;;C:\Users\user\AppData\Local\Programs\Microsoft VS Code\bin;C:\Users\user\.dotnet\tools
USERNAME=user
OS=Windows_NT
PROCESSOR_IDENTIFIER=Intel64 Family 6 Model 158 Stepping 13, GenuineIntel



---------------  S Y S T E M  ---------------

OS:
 Windows 10 , 64 bit Build 22621 (10.0.22621.1105)
OS uptime: 1 days 2:21 hours

CPU: total 12 (initial active 12) (6 cores per cpu, 2 threads per core) family 6 model 158 stepping 13 microcode 0xde, cmov, cx8, fxsr, mmx, sse, sse2, sse3, ssse3, sse4.1, sse4.2, popcnt, vzeroupper, avx, avx2, aes, clmul, erms, 3dnowpref, lzcnt, ht, tsc, tscinvbit, bmi1, bmi2, adx, fma, clflush, clflushopt

Memory: 4k page, system-wide physical 16304M (3636M free)
TotalPageFile size 34736M (AvailPageFile size 14705M)
current process WorkingSet (physical memory assigned to process): 134M, peak: 171M
current process commit charge ("private bytes"): 433M, peak: 476M

vm_info: Java HotSpot(TM) 64-Bit Server VM (15.0.2+7-27) for windows-amd64 JRE (15.0.2+7-27), built on Dec  7 2020 20:07:01 by "mach5one" with unknown MS VC++:1925

END.
